2024-06-16 15:45:01.981 INFO  org.hibernate.validator.internal.util.Version      21   background-preinit                     HV000001: Hibernate Validator 8.0.1.Final
2024-06-16 15:45:02.013 INFO  com.hasity.business.BusinessApplication            50   restartedMain                     Starting BusinessApplication using Java 17.0.7 with PID 9844 (D:\BaiduNetdiskDownload\nls\business\target\classes started by zjw16 in D:\BaiduNetdiskDownload\nls)
2024-06-16 15:45:02.014 INFO  com.hasity.business.BusinessApplication            654  restartedMain                     No active profile set, falling back to 1 default profile: "default"
2024-06-16 15:45:02.048 INFO  o.s.b.d.env.DevToolsPropertyDefaultsPostProcessor  252  restartedMain                     Devtools property defaults active! Set 'spring.devtools.add-properties' to 'false' to disable
2024-06-16 15:45:02.049 INFO  o.s.b.d.env.DevToolsPropertyDefaultsPostProcessor  252  restartedMain                     For additional web related logging consider setting the 'logging.level.web' property to 'DEBUG'
2024-06-16 15:45:03.180 INFO  o.s.boot.web.embedded.tomcat.TomcatWebServer       109  restartedMain                     Tomcat initialized with port 18000 (http)
2024-06-16 15:45:03.188 INFO  org.apache.coyote.http11.Http11NioProtocol         173  restartedMain                     Initializing ProtocolHandler ["http-nio-18000"]
2024-06-16 15:45:03.190 INFO  org.apache.catalina.core.StandardService           173  restartedMain                     Starting service [Tomcat]
2024-06-16 15:45:03.190 INFO  org.apache.catalina.core.StandardEngine            173  restartedMain                     Starting Servlet engine: [Apache Tomcat/10.1.20]
2024-06-16 15:45:03.231 INFO  o.a.c.c.ContainerBase.[Tomcat].[localhost].[/nls]  173  restartedMain                     Initializing Spring embedded WebApplicationContext
2024-06-16 15:45:03.231 INFO  o.s.b.w.s.c.ServletWebServerApplicationContext     296  restartedMain                     Root WebApplicationContext: initialization completed in 1182 ms
2024-06-16 15:45:04.118 INFO  o.s.b.d.autoconfigure.OptionalLiveReloadServer     59   restartedMain                     LiveReload server is running on port 35729
2024-06-16 15:45:04.132 INFO  org.apache.coyote.http11.Http11NioProtocol         173  restartedMain                     Starting ProtocolHandler ["http-nio-18000"]
2024-06-16 15:45:04.149 INFO  o.s.boot.web.embedded.tomcat.TomcatWebServer       241  restartedMain                     Tomcat started on port 18000 (http) with context path '/nls'
2024-06-16 15:45:04.157 INFO  com.hasity.business.BusinessApplication            56   restartedMain                     Started BusinessApplication in 2.53 seconds (process running for 3.099)
2024-06-16 15:45:04.160 INFO  com.hasity.business.BusinessApplication            18   restartedMain                     启动成功! 
2024-06-16 15:45:04.160 INFO  com.hasity.business.BusinessApplication            19   restartedMain                     测试地址: http://localhost:18000/nls/hello
2024-06-16 15:45:05.530 INFO  o.s.b.d.a.LocalDevToolsAutoConfiguration$RestartingClassPathChangeChangedEventListener 211  File Watcher                     Restarting due to 1 class path change (0 additions, 0 deletions, 1 modification)
2024-06-16 15:45:05.533 INFO  org.apache.coyote.http11.Http11NioProtocol         173  Thread-5                     Stopping ProtocolHandler ["http-nio-18000"]
2024-06-16 15:45:05.656 INFO  com.hasity.business.BusinessApplication            50   restartedMain                     Starting BusinessApplication using Java 17.0.7 with PID 9844 (D:\BaiduNetdiskDownload\nls\business\target\classes started by zjw16 in D:\BaiduNetdiskDownload\nls)
2024-06-16 15:45:05.656 INFO  com.hasity.business.BusinessApplication            654  restartedMain                     No active profile set, falling back to 1 default profile: "default"
2024-06-16 15:45:05.900 INFO  o.s.boot.web.embedded.tomcat.TomcatWebServer       109  restartedMain                     Tomcat initialized with port 18000 (http)
2024-06-16 15:45:05.900 INFO  org.apache.coyote.http11.Http11NioProtocol         173  restartedMain                     Initializing ProtocolHandler ["http-nio-18000"]
2024-06-16 15:45:05.900 INFO  org.apache.catalina.core.StandardService           173  restartedMain                     Starting service [Tomcat]
2024-06-16 15:45:05.901 INFO  org.apache.catalina.core.StandardEngine            173  restartedMain                     Starting Servlet engine: [Apache Tomcat/10.1.20]
2024-06-16 15:45:05.913 INFO  o.a.c.c.ContainerBase.[Tomcat].[localhost].[/nls]  173  restartedMain                     Initializing Spring embedded WebApplicationContext
2024-06-16 15:45:05.913 INFO  o.s.b.w.s.c.ServletWebServerApplicationContext     296  restartedMain                     Root WebApplicationContext: initialization completed in 255 ms
2024-06-16 15:45:06.356 INFO  o.s.b.d.autoconfigure.OptionalLiveReloadServer     59   restartedMain                     LiveReload server is running on port 35729
2024-06-16 15:45:06.363 INFO  org.apache.coyote.http11.Http11NioProtocol         173  restartedMain                     Starting ProtocolHandler ["http-nio-18000"]
2024-06-16 15:45:06.366 INFO  o.s.boot.web.embedded.tomcat.TomcatWebServer       241  restartedMain                     Tomcat started on port 18000 (http) with context path '/nls'
2024-06-16 15:45:06.370 INFO  com.hasity.business.BusinessApplication            56   restartedMain                     Started BusinessApplication in 0.74 seconds (process running for 5.312)
2024-06-16 15:45:06.371 INFO  o.s.b.d.a.ConditionEvaluationDeltaLoggingListener  63   restartedMain                     Condition evaluation unchanged
2024-06-16 15:45:06.371 INFO  com.hasity.business.BusinessApplication            18   restartedMain                     启动成功! 
2024-06-16 15:45:06.371 INFO  com.hasity.business.BusinessApplication            19   restartedMain                     测试地址: http://localhost:18000/nls/hello
2024-06-16 15:45:50.455 INFO  o.a.c.c.ContainerBase.[Tomcat].[localhost].[/nls]  173  http-nio-18000-exec-1                     Initializing Spring DispatcherServlet 'dispatcherServlet'
2024-06-16 15:45:50.455 INFO  org.springframework.web.servlet.DispatcherServlet  532  http-nio-18000-exec-1                     Initializing Servlet 'dispatcherServlet'
2024-06-16 15:45:50.456 INFO  org.springframework.web.servlet.DispatcherServlet  554  http-nio-18000-exec-1                     Completed initialization in 0 ms
2024-06-16 15:45:50.541 ERROR c.h.business.controller.ControllerExceptionHandler 73   http-nio-18000-exec-1                     校验异常：手机号不能为空
2024-06-16 15:45:50.585 WARN  o.s.w.s.m.m.a.ExceptionHandlerExceptionResolver    247  http-nio-18000-exec-1                     Resolved [org.springframework.web.bind.MethodArgumentNotValidException: Validation failed for argument [0] in public com.hasity.business.resp.CommonResp<java.util.List<com.hasity.business.domain.Demo>> com.hasity.business.controller.TestController.query(com.hasity.business.req.DemoQueryReq): [Field error in object 'demoQueryReq' on field 'mobile': rejected value [null]; codes [NotBlank.demoQueryReq.mobile,NotBlank.mobile,NotBlank.java.lang.String,NotBlank]; arguments [org.springframework.context.support.DefaultMessageSourceResolvable: codes [demoQueryReq.mobile,mobile]; arguments []; default message [mobile]]; default message [手机号不能为空]] ]
2024-06-16 15:54:52.234 INFO  o.s.b.d.a.LocalDevToolsAutoConfiguration$RestartingClassPathChangeChangedEventListener 211  File Watcher                     Restarting due to 1 class path change (0 additions, 1 deletion, 0 modifications)
2024-06-16 15:54:52.236 INFO  org.apache.coyote.http11.Http11NioProtocol         173  Thread-7                     Stopping ProtocolHandler ["http-nio-18000"]
2024-06-16 15:54:52.314 INFO  com.hasity.business.BusinessApplication            50   restartedMain                     Starting BusinessApplication using Java 17.0.7 with PID 9844 (D:\BaiduNetdiskDownload\nls\business\target\classes started by zjw16 in D:\BaiduNetdiskDownload\nls)
2024-06-16 15:54:52.314 INFO  com.hasity.business.BusinessApplication            654  restartedMain                     No active profile set, falling back to 1 default profile: "default"
2024-06-16 15:54:52.480 INFO  o.s.boot.web.embedded.tomcat.TomcatWebServer       109  restartedMain                     Tomcat initialized with port 18000 (http)
2024-06-16 15:54:52.480 INFO  org.apache.coyote.http11.Http11NioProtocol         173  restartedMain                     Initializing ProtocolHandler ["http-nio-18000"]
2024-06-16 15:54:52.480 INFO  org.apache.catalina.core.StandardService           173  restartedMain                     Starting service [Tomcat]
2024-06-16 15:54:52.480 INFO  org.apache.catalina.core.StandardEngine            173  restartedMain                     Starting Servlet engine: [Apache Tomcat/10.1.20]
2024-06-16 15:54:52.496 INFO  o.a.c.c.ContainerBase.[Tomcat].[localhost].[/nls]  173  restartedMain                     Initializing Spring embedded WebApplicationContext
2024-06-16 15:54:52.497 INFO  o.s.b.w.s.c.ServletWebServerApplicationContext     296  restartedMain                     Root WebApplicationContext: initialization completed in 181 ms
2024-06-16 15:54:52.602 INFO  o.s.b.d.autoconfigure.OptionalLiveReloadServer     59   restartedMain                     LiveReload server is running on port 35729
2024-06-16 15:54:52.607 INFO  org.apache.coyote.http11.Http11NioProtocol         173  restartedMain                     Starting ProtocolHandler ["http-nio-18000"]
2024-06-16 15:54:52.611 INFO  o.s.boot.web.embedded.tomcat.TomcatWebServer       241  restartedMain                     Tomcat started on port 18000 (http) with context path '/nls'
2024-06-16 15:54:52.614 INFO  com.hasity.business.BusinessApplication            56   restartedMain                     Started BusinessApplication in 0.322 seconds (process running for 591.555)
2024-06-16 15:54:52.614 INFO  o.s.b.d.a.ConditionEvaluationDeltaLoggingListener  63   restartedMain                     Condition evaluation unchanged
2024-06-16 15:54:52.615 INFO  com.hasity.business.BusinessApplication            18   restartedMain                     启动成功! 
2024-06-16 15:54:52.615 INFO  com.hasity.business.BusinessApplication            19   restartedMain                     测试地址: http://localhost:18000/nls/hello
2024-06-16 15:55:41.348 INFO  o.s.b.d.a.LocalDevToolsAutoConfiguration$RestartingClassPathChangeChangedEventListener 211  File Watcher                     Restarting due to 1 class path change (0 additions, 0 deletions, 1 modification)
2024-06-16 15:55:41.350 INFO  org.apache.coyote.http11.Http11NioProtocol         173  Thread-11                     Stopping ProtocolHandler ["http-nio-18000"]
2024-06-16 15:55:41.455 INFO  com.hasity.business.BusinessApplication            50   restartedMain                     Starting BusinessApplication using Java 17.0.7 with PID 9844 (D:\BaiduNetdiskDownload\nls\business\target\classes started by zjw16 in D:\BaiduNetdiskDownload\nls)
2024-06-16 15:55:41.455 INFO  com.hasity.business.BusinessApplication            654  restartedMain                     No active profile set, falling back to 1 default profile: "default"
2024-06-16 15:55:41.724 INFO  o.s.boot.web.embedded.tomcat.TomcatWebServer       109  restartedMain                     Tomcat initialized with port 18000 (http)
2024-06-16 15:55:41.725 INFO  org.apache.coyote.http11.Http11NioProtocol         173  restartedMain                     Initializing ProtocolHandler ["http-nio-18000"]
2024-06-16 15:55:41.725 INFO  org.apache.catalina.core.StandardService           173  restartedMain                     Starting service [Tomcat]
2024-06-16 15:55:41.725 INFO  org.apache.catalina.core.StandardEngine            173  restartedMain                     Starting Servlet engine: [Apache Tomcat/10.1.20]
2024-06-16 15:55:41.740 INFO  o.a.c.c.ContainerBase.[Tomcat].[localhost].[/nls]  173  restartedMain                     Initializing Spring embedded WebApplicationContext
2024-06-16 15:55:41.740 INFO  o.s.b.w.s.c.ServletWebServerApplicationContext     296  restartedMain                     Root WebApplicationContext: initialization completed in 283 ms
2024-06-16 15:55:42.179 INFO  o.s.b.d.autoconfigure.OptionalLiveReloadServer     59   restartedMain                     LiveReload server is running on port 35729
2024-06-16 15:55:42.189 INFO  org.apache.coyote.http11.Http11NioProtocol         173  restartedMain                     Starting ProtocolHandler ["http-nio-18000"]
2024-06-16 15:55:42.192 INFO  o.s.boot.web.embedded.tomcat.TomcatWebServer       241  restartedMain                     Tomcat started on port 18000 (http) with context path '/nls'
2024-06-16 15:55:42.195 INFO  com.hasity.business.BusinessApplication            56   restartedMain                     Started BusinessApplication in 0.767 seconds (process running for 641.137)
2024-06-16 15:55:42.196 INFO  o.s.b.d.a.ConditionEvaluationDeltaLoggingListener  63   restartedMain                     Condition evaluation unchanged
2024-06-16 15:55:42.197 INFO  com.hasity.business.BusinessApplication            18   restartedMain                     启动成功! 
2024-06-16 15:55:42.197 INFO  com.hasity.business.BusinessApplication            19   restartedMain                     测试地址: http://localhost:18000/nls/hello
2024-06-16 15:55:43.590 INFO  o.s.b.d.a.LocalDevToolsAutoConfiguration$RestartingClassPathChangeChangedEventListener 211  File Watcher                     Restarting due to 1 class path change (1 addition, 0 deletions, 0 modifications)
2024-06-16 15:55:43.591 INFO  org.apache.coyote.http11.Http11NioProtocol         173  Thread-15                     Stopping ProtocolHandler ["http-nio-18000"]
2024-06-16 15:55:43.664 INFO  com.hasity.business.BusinessApplication            50   restartedMain                     Starting BusinessApplication using Java 17.0.7 with PID 9844 (D:\BaiduNetdiskDownload\nls\business\target\classes started by zjw16 in D:\BaiduNetdiskDownload\nls)
2024-06-16 15:55:43.664 INFO  com.hasity.business.BusinessApplication            654  restartedMain                     No active profile set, falling back to 1 default profile: "default"
2024-06-16 15:55:43.865 INFO  o.s.boot.web.embedded.tomcat.TomcatWebServer       109  restartedMain                     Tomcat initialized with port 18000 (http)
2024-06-16 15:55:43.866 INFO  org.apache.coyote.http11.Http11NioProtocol         173  restartedMain                     Initializing ProtocolHandler ["http-nio-18000"]
2024-06-16 15:55:43.866 INFO  org.apache.catalina.core.StandardService           173  restartedMain                     Starting service [Tomcat]
2024-06-16 15:55:43.867 INFO  org.apache.catalina.core.StandardEngine            173  restartedMain                     Starting Servlet engine: [Apache Tomcat/10.1.20]
2024-06-16 15:55:43.883 INFO  o.a.c.c.ContainerBase.[Tomcat].[localhost].[/nls]  173  restartedMain                     Initializing Spring embedded WebApplicationContext
2024-06-16 15:55:43.883 INFO  o.s.b.w.s.c.ServletWebServerApplicationContext     296  restartedMain                     Root WebApplicationContext: initialization completed in 216 ms
2024-06-16 15:55:44.301 INFO  o.s.b.d.autoconfigure.OptionalLiveReloadServer     59   restartedMain                     LiveReload server is running on port 35729
2024-06-16 15:55:44.307 INFO  org.apache.coyote.http11.Http11NioProtocol         173  restartedMain                     Starting ProtocolHandler ["http-nio-18000"]
2024-06-16 15:55:44.310 INFO  o.s.boot.web.embedded.tomcat.TomcatWebServer       241  restartedMain                     Tomcat started on port 18000 (http) with context path '/nls'
2024-06-16 15:55:44.313 INFO  com.hasity.business.BusinessApplication            56   restartedMain                     Started BusinessApplication in 0.671 seconds (process running for 643.255)
2024-06-16 15:55:44.314 INFO  o.s.b.d.a.ConditionEvaluationDeltaLoggingListener  63   restartedMain                     Condition evaluation unchanged
2024-06-16 15:55:44.314 INFO  com.hasity.business.BusinessApplication            18   restartedMain                     启动成功! 
2024-06-16 15:55:44.315 INFO  com.hasity.business.BusinessApplication            19   restartedMain                     测试地址: http://localhost:18000/nls/hello
2024-06-16 16:00:16.453 INFO  o.s.b.d.a.LocalDevToolsAutoConfiguration$RestartingClassPathChangeChangedEventListener 211  File Watcher                     Restarting due to 1 class path change (0 additions, 0 deletions, 1 modification)
2024-06-16 16:00:16.456 INFO  org.apache.coyote.http11.Http11NioProtocol         173  Thread-19                     Stopping ProtocolHandler ["http-nio-18000"]
2024-06-16 16:00:16.528 INFO  com.hasity.business.BusinessApplication            50   restartedMain                     Starting BusinessApplication using Java 17.0.7 with PID 9844 (D:\BaiduNetdiskDownload\nls\business\target\classes started by zjw16 in D:\BaiduNetdiskDownload\nls)
2024-06-16 16:00:16.528 INFO  com.hasity.business.BusinessApplication            654  restartedMain                     No active profile set, falling back to 1 default profile: "default"
2024-06-16 16:00:16.713 INFO  o.s.boot.web.embedded.tomcat.TomcatWebServer       109  restartedMain                     Tomcat initialized with port 18000 (http)
2024-06-16 16:00:16.714 INFO  org.apache.coyote.http11.Http11NioProtocol         173  restartedMain                     Initializing ProtocolHandler ["http-nio-18000"]
2024-06-16 16:00:16.714 INFO  org.apache.catalina.core.StandardService           173  restartedMain                     Starting service [Tomcat]
2024-06-16 16:00:16.714 INFO  org.apache.catalina.core.StandardEngine            173  restartedMain                     Starting Servlet engine: [Apache Tomcat/10.1.20]
2024-06-16 16:00:16.726 INFO  o.a.c.c.ContainerBase.[Tomcat].[localhost].[/nls]  173  restartedMain                     Initializing Spring embedded WebApplicationContext
2024-06-16 16:00:16.726 INFO  o.s.b.w.s.c.ServletWebServerApplicationContext     296  restartedMain                     Root WebApplicationContext: initialization completed in 197 ms
2024-06-16 16:00:17.155 INFO  o.s.b.d.autoconfigure.OptionalLiveReloadServer     59   restartedMain                     LiveReload server is running on port 35729
2024-06-16 16:00:17.162 INFO  org.apache.coyote.http11.Http11NioProtocol         173  restartedMain                     Starting ProtocolHandler ["http-nio-18000"]
2024-06-16 16:00:17.166 INFO  o.s.boot.web.embedded.tomcat.TomcatWebServer       241  restartedMain                     Tomcat started on port 18000 (http) with context path '/nls'
2024-06-16 16:00:17.171 INFO  com.hasity.business.BusinessApplication            56   restartedMain                     Started BusinessApplication in 0.661 seconds (process running for 916.113)
2024-06-16 16:00:17.172 INFO  o.s.b.d.a.ConditionEvaluationDeltaLoggingListener  63   restartedMain                     Condition evaluation unchanged
2024-06-16 16:00:17.173 INFO  com.hasity.business.BusinessApplication            18   restartedMain                     启动成功! 
2024-06-16 16:00:17.173 INFO  com.hasity.business.BusinessApplication            19   restartedMain                     测试地址: http://localhost:18000/nls/hello
